<?xml version="1.0" encoding="UTF-8"?>
<testsuite name="at05outlook.runner.RunCukesTest" tests="3" skipped="0" failures="1" errors="0" timestamp="2017-11-22T23:17:59" hostname="at05abma01" time="210.844">
  <properties/>
  <testcase name="feature[0](Test)" classname="at05outlook.runner.RunCukesTest" time="101.922"/>
  <testcase name="feature[1](Email)" classname="at05outlook.runner.RunCukesTest" time="69.425"/>
  <testcase name="feature[2](Test send an email)" classname="at05outlook.runner.RunCukesTest" time="39.497">
    <failure message="cucumber.runtime.CucumberException: org.openqa.selenium.NoSuchElementException: no such element: Unable to locate element: {&quot;method&quot;:&quot;id&quot;,&quot;selector&quot;:&quot;i0116&quot;}&#10;  (Session info: chrome=62.0.3202.94)&#10;  (Driver info: chromedriver=2.33.506120 (e3e53437346286c0bc2d2dc9aa4915ba81d9023f),platform=Windows NT 6.3.9600 x86_64) (WARNING: The server did not provide any stacktrace information)&#10;Command duration or timeout: 0 milliseconds&#10;For documentation on this error, please visit: http://seleniumhq.org/exceptions/no_such_element.html&#10;Build info: version: '3.7.1', revision: '8a0099a', time: '2017-11-06T21:01:39.354Z'&#10;System info: host: 'AT05ABMA01', ip: '10.28.108.200', os.name: 'Windows Server 2012 R2', os.arch: 'amd64', os.version: '6.3', java.version: '1.8.0_131'&#10;Driver info: org.openqa.selenium.chrome.ChromeDriver&#10;Capabilities {acceptSslCerts: true, applicationCacheEnabled: false, browserConnectionEnabled: false, browserName: chrome, chrome: {chromedriverVersion: 2.33.506120 (e3e53437346286..., userDataDir: C:\Users\ADMINI~1\AppData\L...}, cssSelectorsEnabled: true, databaseEnabled: false, handlesAlerts: true, hasTouchScreen: false, javascriptEnabled: true, locationContextEnabled: true, mobileEmulationEnabled: false, nativeEvents: true, networkConnectionEnabled: false, pageLoadStrategy: normal, platform: XP, platformName: XP, rotatable: false, setWindowRect: true, takesHeapSnapshot: true, takesScreenshot: true, unexpectedAlertBehaviour: , unhandledPromptBehavior: , version: 62.0.3202.94, webStorageEnabled: true}&#10;Session ID: 0b63ed9c8007c4c03c0250fd4db99a54&#10;*** Element info: {Using=id, value=i0116}" type="cucumber.runtime.CucumberException">cucumber.runtime.CucumberException: org.openqa.selenium.NoSuchElementException: no such element: Unable to locate element: {&quot;method&quot;:&quot;id&quot;,&quot;selector&quot;:&quot;i0116&quot;}
  (Session info: chrome=62.0.3202.94)
  (Driver info: chromedriver=2.33.506120 (e3e53437346286c0bc2d2dc9aa4915ba81d9023f),platform=Windows NT 6.3.9600 x86_64) (WARNING: The server did not provide any stacktrace information)
Command duration or timeout: 0 milliseconds
For documentation on this error, please visit: http://seleniumhq.org/exceptions/no_such_element.html
Build info: version: '3.7.1', revision: '8a0099a', time: '2017-11-06T21:01:39.354Z'
System info: host: 'AT05ABMA01', ip: '10.28.108.200', os.name: 'Windows Server 2012 R2', os.arch: 'amd64', os.version: '6.3', java.version: '1.8.0_131'
Driver info: org.openqa.selenium.chrome.ChromeDriver
Capabilities {acceptSslCerts: true, applicationCacheEnabled: false, browserConnectionEnabled: false, browserName: chrome, chrome: {chromedriverVersion: 2.33.506120 (e3e53437346286..., userDataDir: C:\Users\ADMINI~1\AppData\L...}, cssSelectorsEnabled: true, databaseEnabled: false, handlesAlerts: true, hasTouchScreen: false, javascriptEnabled: true, locationContextEnabled: true, mobileEmulationEnabled: false, nativeEvents: true, networkConnectionEnabled: false, pageLoadStrategy: normal, platform: XP, platformName: XP, rotatable: false, setWindowRect: true, takesHeapSnapshot: true, takesScreenshot: true, unexpectedAlertBehaviour: , unhandledPromptBehavior: , version: 62.0.3202.94, webStorageEnabled: true}
Session ID: 0b63ed9c8007c4c03c0250fd4db99a54
*** Element info: {Using=id, value=i0116}
	at cucumber.api.testng.TestNGCucumberRunner.runCucumber(TestNGCucumberRunner.java:69)
	at cucumber.api.testng.AbstractTestNGCucumberTests.feature(AbstractTestNGCucumberTests.java:21)
	at sun.reflect.NativeMethodAccessorImpl.invoke0(Native Method)
	at sun.reflect.NativeMethodAccessorImpl.invoke(NativeMethodAccessorImpl.java:62)
	at sun.reflect.DelegatingMethodAccessorImpl.invoke(DelegatingMethodAccessorImpl.java:43)
	at java.lang.reflect.Method.invoke(Method.java:498)
	at org.testng.internal.MethodInvocationHelper.invokeMethod(MethodInvocationHelper.java:86)
	at org.testng.internal.Invoker.invokeMethod(Invoker.java:643)
	at org.testng.internal.Invoker.invokeTestMethod(Invoker.java:820)
	at org.testng.internal.Invoker.invokeTestMethods(Invoker.java:1128)
	at org.testng.internal.TestMethodWorker.invokeTestMethods(TestMethodWorker.java:129)
	at org.testng.internal.TestMethodWorker.run(TestMethodWorker.java:112)
	at org.testng.TestRunner.privateRun(TestRunner.java:782)
	at org.testng.TestRunner.run(TestRunner.java:632)
	at org.testng.SuiteRunner.runTest(SuiteRunner.java:366)
	at org.testng.SuiteRunner.runSequentially(SuiteRunner.java:361)
	at org.testng.SuiteRunner.privateRun(SuiteRunner.java:319)
	at org.testng.SuiteRunner.run(SuiteRunner.java:268)
	at org.testng.SuiteRunnerWorker.runSuite(SuiteRunnerWorker.java:52)
	at org.testng.SuiteRunnerWorker.run(SuiteRunnerWorker.java:86)
	at org.testng.TestNG.runSuitesSequentially(TestNG.java:1244)
	at org.testng.TestNG.runSuitesLocally(TestNG.java:1169)
	at org.testng.TestNG.run(TestNG.java:1064)
	at org.gradle.api.internal.tasks.testing.testng.TestNGTestClassProcessor.runTests(TestNGTestClassProcessor.java:129)
	at org.gradle.api.internal.tasks.testing.testng.TestNGTestClassProcessor.stop(TestNGTestClassProcessor.java:88)
	at org.gradle.api.internal.tasks.testing.SuiteTestClassProcessor.stop(SuiteTestClassProcessor.java:61)
	at sun.reflect.NativeMethodAccessorImpl.invoke0(Native Method)
	at sun.reflect.NativeMethodAccessorImpl.invoke(NativeMethodAccessorImpl.java:62)
	at sun.reflect.DelegatingMethodAccessorImpl.invoke(DelegatingMethodAccessorImpl.java:43)
	at java.lang.reflect.Method.invoke(Method.java:498)
	at org.gradle.internal.dispatch.ReflectionDispatch.dispatch(ReflectionDispatch.java:35)
	at org.gradle.internal.dispatch.ReflectionDispatch.dispatch(ReflectionDispatch.java:24)
	at org.gradle.internal.dispatch.ContextClassLoaderDispatch.dispatch(ContextClassLoaderDispatch.java:32)
	at org.gradle.internal.dispatch.ProxyDispatchAdapter$DispatchingInvocationHandler.invoke(ProxyDispatchAdapter.java:93)
	at com.sun.proxy.$Proxy1.stop(Unknown Source)
	at org.gradle.api.internal.tasks.testing.worker.TestWorker.stop(TestWorker.java:120)
	at sun.reflect.NativeMethodAccessorImpl.invoke0(Native Method)
	at sun.reflect.NativeMethodAccessorImpl.invoke(NativeMethodAccessorImpl.java:62)
	at sun.reflect.DelegatingMethodAccessorImpl.invoke(DelegatingMethodAccessorImpl.java:43)
	at java.lang.reflect.Method.invoke(Method.java:498)
	at org.gradle.internal.dispatch.ReflectionDispatch.dispatch(ReflectionDispatch.java:35)
	at org.gradle.internal.dispatch.ReflectionDispatch.dispatch(ReflectionDispatch.java:24)
	at org.gradle.internal.remote.internal.hub.MessageHubBackedObjectConnection$DispatchWrapper.dispatch(MessageHubBackedObjectConnection.java:146)
	at org.gradle.internal.remote.internal.hub.MessageHubBackedObjectConnection$DispatchWrapper.dispatch(MessageHubBackedObjectConnection.java:128)
	at org.gradle.internal.remote.internal.hub.MessageHub$Handler.run(MessageHub.java:404)
	at org.gradle.internal.concurrent.ExecutorPolicy$CatchAndRecordFailures.onExecute(ExecutorPolicy.java:63)
	at org.gradle.internal.concurrent.ManagedExecutorImpl$1.run(ManagedExecutorImpl.java:46)
	at java.util.concurrent.ThreadPoolExecutor.runWorker(ThreadPoolExecutor.java:1142)
	at java.util.concurrent.ThreadPoolExecutor$Worker.run(ThreadPoolExecutor.java:617)
	at org.gradle.internal.concurrent.ThreadFactoryImpl$ManagedThreadRunnable.run(ThreadFactoryImpl.java:55)
	at java.lang.Thread.run(Thread.java:748)
Caused by: org.openqa.selenium.NoSuchElementException: no such element: Unable to locate element: {&quot;method&quot;:&quot;id&quot;,&quot;selector&quot;:&quot;i0116&quot;}
  (Session info: chrome=62.0.3202.94)
  (Driver info: chromedriver=2.33.506120 (e3e53437346286c0bc2d2dc9aa4915ba81d9023f),platform=Windows NT 6.3.9600 x86_64) (WARNING: The server did not provide any stacktrace information)
Command duration or timeout: 0 milliseconds
For documentation on this error, please visit: http://seleniumhq.org/exceptions/no_such_element.html
Build info: version: '3.7.1', revision: '8a0099a', time: '2017-11-06T21:01:39.354Z'
System info: host: 'AT05ABMA01', ip: '10.28.108.200', os.name: 'Windows Server 2012 R2', os.arch: 'amd64', os.version: '6.3', java.version: '1.8.0_131'
Driver info: org.openqa.selenium.chrome.ChromeDriver
Capabilities {acceptSslCerts: true, applicationCacheEnabled: false, browserConnectionEnabled: false, browserName: chrome, chrome: {chromedriverVersion: 2.33.506120 (e3e53437346286..., userDataDir: C:\Users\ADMINI~1\AppData\L...}, cssSelectorsEnabled: true, databaseEnabled: false, handlesAlerts: true, hasTouchScreen: false, javascriptEnabled: true, locationContextEnabled: true, mobileEmulationEnabled: false, nativeEvents: true, networkConnectionEnabled: false, pageLoadStrategy: normal, platform: XP, platformName: XP, rotatable: false, setWindowRect: true, takesHeapSnapshot: true, takesScreenshot: true, unexpectedAlertBehaviour: , unhandledPromptBehavior: , version: 62.0.3202.94, webStorageEnabled: true}
Session ID: 0b63ed9c8007c4c03c0250fd4db99a54
*** Element info: {Using=id, value=i0116}
	at sun.reflect.NativeConstructorAccessorImpl.newInstance0(Native Method)
	at sun.reflect.NativeConstructorAccessorImpl.newInstance(NativeConstructorAccessorImpl.java:62)
	at sun.reflect.DelegatingConstructorAccessorImpl.newInstance(DelegatingConstructorAccessorImpl.java:45)
	at java.lang.reflect.Constructor.newInstance(Constructor.java:423)
	at org.openqa.selenium.remote.ErrorHandler.createThrowable(ErrorHandler.java:214)
	at org.openqa.selenium.remote.ErrorHandler.throwIfResponseFailed(ErrorHandler.java:166)
	at org.openqa.selenium.remote.http.JsonHttpResponseCodec.reconstructValue(JsonHttpResponseCodec.java:40)
	at org.openqa.selenium.remote.http.AbstractHttpResponseCodec.decode(AbstractHttpResponseCodec.java:80)
	at org.openqa.selenium.remote.http.AbstractHttpResponseCodec.decode(AbstractHttpResponseCodec.java:44)
	at org.openqa.selenium.remote.HttpCommandExecutor.execute(HttpCommandExecutor.java:164)
	at org.openqa.selenium.remote.service.DriverCommandExecutor.execute(DriverCommandExecutor.java:83)
	at org.openqa.selenium.remote.RemoteWebDriver.execute(RemoteWebDriver.java:600)
	at org.openqa.selenium.remote.RemoteWebDriver.findElement(RemoteWebDriver.java:370)
	at org.openqa.selenium.remote.RemoteWebDriver.findElementById(RemoteWebDriver.java:416)
	at org.openqa.selenium.By$ById.findElement(By.java:218)
	at org.openqa.selenium.remote.RemoteWebDriver.findElement(RemoteWebDriver.java:362)
	at org.openqa.selenium.support.pagefactory.DefaultElementLocator.findElement(DefaultElementLocator.java:69)
	at org.openqa.selenium.support.pagefactory.internal.LocatingElementHandler.invoke(LocatingElementHandler.java:38)
	at com.sun.proxy.$Proxy24.clear(Unknown Source)
	at at05outlook.sampleapp.ui.LoginPage.setUserName(LoginPage.java:58)
	at at05outlook.sampleapp.ui.LoginPage.login(LoginPage.java:48)
	at at05outlook.steps.LoginSteps.registerWhitMyAccount(LoginSteps.java:51)
	at âœ½.When I register whit my account(features/SendEmail.feature:5)
</failure>
  </testcase>
  <system-out><![CDATA[#
#This feature is still in process, it is not finished
#
Feature: Test

  @LogOut
  Scenario Outline: Delete an email                       ?[90m# features/DeleteAnEmail.feature:8?[0m
    ?[36mGiven ?[0m?[36mI navigate to Login page?[0m
    ?[36mWhen ?[0m?[36mI register whit my account?[0m
    ?[36mAnd ?[0m?[36mI delete an email whit the subject of "<Subject>"?[0m
    ?[36mThen ?[0m?[36mverify that the mail has delete?[0m

    Examples: 
Initializing web driver
chrome
---------------------: 200 :-------------------------------
---: Isabel Sanchez Gamboa; Alvaro Condori Chipana
Confesion
1:24 PM
Vamos amigo lo lograras...! ? Best Regards Isabel Sanchez MT05 ________________________________ From: Alvaro Condori Chipana Sent: Tuesday, November 21, 2017 4:36:08 PM To: MT05; AT05 Subject: Re: Confesion Ayudenme atrasadores :-----

  @LogOut
  Scenario Outline: Delete an email                         ?[90m# features/DeleteAnEmail.feature:16?[0m
    ?[32mGiven ?[0m?[32mI navigate to Login page?[0m                          ?[90m# LoginSteps.navigateToLoginPage()?[0m
    ?[32mWhen ?[0m?[32mI register whit my account?[0m                         ?[90m# LoginSteps.registerWhitMyAccount()?[0m
    ?[32mAnd ?[0m?[32mI delete an email whit the subject of "?[0m?[32m?[1mAutomation2?[0m?[32m"?[0m ?[90m# SendEmailSteps.deleteAnEmailWhitTheSubjectOf(String)?[0m
    ?[33mThen ?[0m?[33mverify that the mail has delete?[0m                    ?[90m# SendEmailSteps.verifyThatTheMailHasDelete()?[0m
      ?[31mcucumber.api.PendingException: TODO: implement me
      	at at05outlook.steps.SendEmailSteps.verifyThatTheMailHasDelete(SendEmailSteps.java:50)
      	at ?.Then verify that the mail has delete(features/DeleteAnEmail.feature:12)
      ?[0m
@Email
Feature: Email

  @LogOut
  Scenario Outline: The user must register with their credentials                     ?[90m# features/Login.feature:4?[0m
    ?[36mGiven ?[0m?[36mI navigate to Login page?[0m
    ?[36mWhen ?[0m?[36mI enter correct credentials, as user "<User Name>" and password "<Password>"?[0m
    ?[36mThen ?[0m?[36mThe inbox mail is open?[0m

    Examples: 

  @LogOut @Email
  Scenario Outline: The user must register with their credentials                                        ?[90m# features/Login.feature:11?[0m
    ?[32mGiven ?[0m?[32mI navigate to Login page?[0m                                                                       ?[90m# LoginSteps.navigateToLoginPage()?[0m
    ?[32mWhen ?[0m?[32mI enter correct credentials, as user "?[0m?[32m?[1mabner.mamani@fundacion-jala.org?[0m?[32m" and password "?[0m?[32m?[1mCream.com?[0m?[32m"?[0m ?[90m# LoginSteps.navigateToHomePage(String,String)?[0m
    ?[32mThen ?[0m?[32mThe inbox mail is open?[0m                                                                          ?[90m# LoginSteps.inboxMailIsOpen()?[0m

  @LogOut @Email
  Scenario Outline: The user must register with their credentials                                        ?[90m# features/Login.feature:12?[0m
    ?[32mGiven ?[0m?[32mI navigate to Login page?[0m                                                                       ?[90m# LoginSteps.navigateToLoginPage()?[0m
    ?[32mWhen ?[0m?[32mI enter correct credentials, as user "?[0m?[32m?[1mabner.mamani@fundacion-jala.org?[0m?[32m" and password "?[0m?[32m?[1mCream.com?[0m?[32m"?[0m ?[90m# LoginSteps.navigateToHomePage(String,String)?[0m
    ?[32mThen ?[0m?[32mThe inbox mail is open?[0m                                                                          ?[90m# LoginSteps.inboxMailIsOpen()?[0m
Feature: Test send an email

  @LogOut
  Scenario Outline: Send an email with the registered user account                         ?[90m# features/SendEmail.feature:3?[0m
    ?[36mGiven ?[0m?[36mI navigate to Login page?[0m
    ?[36mWhen ?[0m?[36mI register whit my account?[0m
    ?[36mAnd ?[0m?[36mI go to send the new email?[0m
    ?[36mAnd ?[0m?[36mI send an email to "<User Name>" whit the subject of "<Subject>" and body "<Body>"?[0m
    ?[36mThen ?[0m?[36mverify that the mail has arrived?[0m

    Examples: 

  @LogOut
  Scenario Outline: Send an email with the registered user account                                              ?[90m# features/SendEmail.feature:12?[0m
    ?[32mGiven ?[0m?[32mI navigate to Login page?[0m                                                                              ?[90m# LoginSteps.navigateToLoginPage()?[0m
    ?[31mWhen ?[0m?[31mI register whit my account?[0m                                                                             ?[90m# LoginSteps.registerWhitMyAccount()?[0m
      ?[31morg.openqa.selenium.NoSuchElementException: no such element: Unable to locate element: {"method":"id","selector":"i0116"}
        (Session info: chrome=62.0.3202.94)
        (Driver info: chromedriver=2.33.506120 (e3e53437346286c0bc2d2dc9aa4915ba81d9023f),platform=Windows NT 6.3.9600 x86_64) (WARNING: The server did not provide any stacktrace information)
      Command duration or timeout: 0 milliseconds
      For documentation on this error, please visit: http://seleniumhq.org/exceptions/no_such_element.html
      Build info: version: '3.7.1', revision: '8a0099a', time: '2017-11-06T21:01:39.354Z'
      System info: host: 'AT05ABMA01', ip: '10.28.108.200', os.name: 'Windows Server 2012 R2', os.arch: 'amd64', os.version: '6.3', java.version: '1.8.0_131'
      Driver info: org.openqa.selenium.chrome.ChromeDriver
      Capabilities {acceptSslCerts: true, applicationCacheEnabled: false, browserConnectionEnabled: false, browserName: chrome, chrome: {chromedriverVersion: 2.33.506120 (e3e53437346286..., userDataDir: C:\Users\ADMINI~1\AppData\L...}, cssSelectorsEnabled: true, databaseEnabled: false, handlesAlerts: true, hasTouchScreen: false, javascriptEnabled: true, locationContextEnabled: true, mobileEmulationEnabled: false, nativeEvents: true, networkConnectionEnabled: false, pageLoadStrategy: normal, platform: XP, platformName: XP, rotatable: false, setWindowRect: true, takesHeapSnapshot: true, takesScreenshot: true, unexpectedAlertBehaviour: , unhandledPromptBehavior: , version: 62.0.3202.94, webStorageEnabled: true}
      Session ID: 0b63ed9c8007c4c03c0250fd4db99a54
      *** Element info: {Using=id, value=i0116}
      	at sun.reflect.NativeConstructorAccessorImpl.newInstance0(Native Method)
      	at sun.reflect.NativeConstructorAccessorImpl.newInstance(NativeConstructorAccessorImpl.java:62)
      	at sun.reflect.DelegatingConstructorAccessorImpl.newInstance(DelegatingConstructorAccessorImpl.java:45)
      	at java.lang.reflect.Constructor.newInstance(Constructor.java:423)
      	at org.openqa.selenium.remote.ErrorHandler.createThrowable(ErrorHandler.java:214)
      	at org.openqa.selenium.remote.ErrorHandler.throwIfResponseFailed(ErrorHandler.java:166)
      	at org.openqa.selenium.remote.http.JsonHttpResponseCodec.reconstructValue(JsonHttpResponseCodec.java:40)
      	at org.openqa.selenium.remote.http.AbstractHttpResponseCodec.decode(AbstractHttpResponseCodec.java:80)
      	at org.openqa.selenium.remote.http.AbstractHttpResponseCodec.decode(AbstractHttpResponseCodec.java:44)
      	at org.openqa.selenium.remote.HttpCommandExecutor.execute(HttpCommandExecutor.java:164)
      	at org.openqa.selenium.remote.service.DriverCommandExecutor.execute(DriverCommandExecutor.java:83)
      	at org.openqa.selenium.remote.RemoteWebDriver.execute(RemoteWebDriver.java:600)
      	at org.openqa.selenium.remote.RemoteWebDriver.findElement(RemoteWebDriver.java:370)
      	at org.openqa.selenium.remote.RemoteWebDriver.findElementById(RemoteWebDriver.java:416)
      	at org.openqa.selenium.By$ById.findElement(By.java:218)
      	at org.openqa.selenium.remote.RemoteWebDriver.findElement(RemoteWebDriver.java:362)
      	at org.openqa.selenium.support.pagefactory.DefaultElementLocator.findElement(DefaultElementLocator.java:69)
      	at org.openqa.selenium.support.pagefactory.internal.LocatingElementHandler.invoke(LocatingElementHandler.java:38)
      	at com.sun.proxy.$Proxy24.clear(Unknown Source)
      	at at05outlook.sampleapp.ui.LoginPage.setUserName(LoginPage.java:58)
      	at at05outlook.sampleapp.ui.LoginPage.login(LoginPage.java:48)
      	at at05outlook.steps.LoginSteps.registerWhitMyAccount(LoginSteps.java:51)
      	at ?.When I register whit my account(features/SendEmail.feature:5)
      ?[0m
    ?[36mAnd ?[0m?[36mI go to send the new email?[0m                                                                              ?[90m# SendEmailSteps.preparToSendEmail()?[0m
    ?[36mAnd ?[0m?[36mI send an email to "?[0m?[36m?[1mabner.mamani@fundacion-jala.org?[0m?[36m" whit the subject of "?[0m?[36m?[1mAutomation2?[0m?[36m" and body "?[0m?[36m?[1mHello?[0m?[36m"?[0m ?[90m# SendEmailSteps.sendTheEmailTo(String,String,String)?[0m
    ?[36mThen ?[0m?[36mverify that the mail has arrived?[0m                                                                       ?[90m# SendEmailSteps.verifyThatTheMailHasArrived()?[0m
]]></system-out>
  <system-err><![CDATA[SLF4J: Failed to load class "org.slf4j.impl.StaticLoggerBinder".
SLF4J: Defaulting to no-operation (NOP) logger implementation
SLF4J: See http://www.slf4j.org/codes.html#StaticLoggerBinder for further details.
Starting ChromeDriver 2.33.506120 (e3e53437346286c0bc2d2dc9aa4915ba81d9023f) on port 37372
Only local connections are allowed.
Nov 22, 2017 7:18:04 PM org.openqa.selenium.remote.ProtocolHandshake createSession
INFO: Detected dialect: OSS
]]></system-err>
</testsuite>
