<?xml version="1.0" encoding="UTF-8"?>
<testsuite name="at05outlook.runner.RunCukesTest" tests="2" skipped="0" failures="1" errors="0" timestamp="2017-11-21T00:53:48" hostname="at05abma01" time="30.0">
  <properties/>
  <testcase name="feature[0](Email)" classname="at05outlook.runner.RunCukesTest" time="29.985"/>
  <testcase name="feature[1](Test)" classname="at05outlook.runner.RunCukesTest" time="0.015">
    <failure message="cucumber.runtime.CucumberException: org.openqa.selenium.NoSuchSessionException: Session ID is null. Using WebDriver after calling quit()?&#10;Build info: version: '3.7.1', revision: '8a0099a', time: '2017-11-06T21:01:39.354Z'&#10;System info: host: 'AT05ABMA01', ip: '10.28.108.200', os.name: 'Windows Server 2012 R2', os.arch: 'amd64', os.version: '6.3', java.version: '1.8.0_131'&#10;Driver info: driver.version: RemoteWebDriver" type="cucumber.runtime.CucumberException">cucumber.runtime.CucumberException: org.openqa.selenium.NoSuchSessionException: Session ID is null. Using WebDriver after calling quit()?
Build info: version: '3.7.1', revision: '8a0099a', time: '2017-11-06T21:01:39.354Z'
System info: host: 'AT05ABMA01', ip: '10.28.108.200', os.name: 'Windows Server 2012 R2', os.arch: 'amd64', os.version: '6.3', java.version: '1.8.0_131'
Driver info: driver.version: RemoteWebDriver
	at cucumber.api.testng.TestNGCucumberRunner.runCucumber(TestNGCucumberRunner.java:69)
	at cucumber.api.testng.AbstractTestNGCucumberTests.feature(AbstractTestNGCucumberTests.java:21)
	at sun.reflect.NativeMethodAccessorImpl.invoke0(Native Method)
	at sun.reflect.NativeMethodAccessorImpl.invoke(NativeMethodAccessorImpl.java:62)
	at sun.reflect.DelegatingMethodAccessorImpl.invoke(DelegatingMethodAccessorImpl.java:43)
	at java.lang.reflect.Method.invoke(Method.java:498)
	at org.testng.internal.MethodInvocationHelper.invokeMethod(MethodInvocationHelper.java:86)
	at org.testng.internal.Invoker.invokeMethod(Invoker.java:643)
	at org.testng.internal.Invoker.invokeTestMethod(Invoker.java:820)
	at org.testng.internal.Invoker.invokeTestMethods(Invoker.java:1128)
	at org.testng.internal.TestMethodWorker.invokeTestMethods(TestMethodWorker.java:129)
	at org.testng.internal.TestMethodWorker.run(TestMethodWorker.java:112)
	at org.testng.TestRunner.privateRun(TestRunner.java:782)
	at org.testng.TestRunner.run(TestRunner.java:632)
	at org.testng.SuiteRunner.runTest(SuiteRunner.java:366)
	at org.testng.SuiteRunner.runSequentially(SuiteRunner.java:361)
	at org.testng.SuiteRunner.privateRun(SuiteRunner.java:319)
	at org.testng.SuiteRunner.run(SuiteRunner.java:268)
	at org.testng.SuiteRunnerWorker.runSuite(SuiteRunnerWorker.java:52)
	at org.testng.SuiteRunnerWorker.run(SuiteRunnerWorker.java:86)
	at org.testng.TestNG.runSuitesSequentially(TestNG.java:1244)
	at org.testng.TestNG.runSuitesLocally(TestNG.java:1169)
	at org.testng.TestNG.run(TestNG.java:1064)
	at org.gradle.api.internal.tasks.testing.testng.TestNGTestClassProcessor.runTests(TestNGTestClassProcessor.java:129)
	at org.gradle.api.internal.tasks.testing.testng.TestNGTestClassProcessor.stop(TestNGTestClassProcessor.java:88)
	at org.gradle.api.internal.tasks.testing.SuiteTestClassProcessor.stop(SuiteTestClassProcessor.java:61)
	at sun.reflect.NativeMethodAccessorImpl.invoke0(Native Method)
	at sun.reflect.NativeMethodAccessorImpl.invoke(NativeMethodAccessorImpl.java:62)
	at sun.reflect.DelegatingMethodAccessorImpl.invoke(DelegatingMethodAccessorImpl.java:43)
	at java.lang.reflect.Method.invoke(Method.java:498)
	at org.gradle.internal.dispatch.ReflectionDispatch.dispatch(ReflectionDispatch.java:35)
	at org.gradle.internal.dispatch.ReflectionDispatch.dispatch(ReflectionDispatch.java:24)
	at org.gradle.internal.dispatch.ContextClassLoaderDispatch.dispatch(ContextClassLoaderDispatch.java:32)
	at org.gradle.internal.dispatch.ProxyDispatchAdapter$DispatchingInvocationHandler.invoke(ProxyDispatchAdapter.java:93)
	at com.sun.proxy.$Proxy1.stop(Unknown Source)
	at org.gradle.api.internal.tasks.testing.worker.TestWorker.stop(TestWorker.java:120)
	at sun.reflect.NativeMethodAccessorImpl.invoke0(Native Method)
	at sun.reflect.NativeMethodAccessorImpl.invoke(NativeMethodAccessorImpl.java:62)
	at sun.reflect.DelegatingMethodAccessorImpl.invoke(DelegatingMethodAccessorImpl.java:43)
	at java.lang.reflect.Method.invoke(Method.java:498)
	at org.gradle.internal.dispatch.ReflectionDispatch.dispatch(ReflectionDispatch.java:35)
	at org.gradle.internal.dispatch.ReflectionDispatch.dispatch(ReflectionDispatch.java:24)
	at org.gradle.internal.remote.internal.hub.MessageHubBackedObjectConnection$DispatchWrapper.dispatch(MessageHubBackedObjectConnection.java:146)
	at org.gradle.internal.remote.internal.hub.MessageHubBackedObjectConnection$DispatchWrapper.dispatch(MessageHubBackedObjectConnection.java:128)
	at org.gradle.internal.remote.internal.hub.MessageHub$Handler.run(MessageHub.java:404)
	at org.gradle.internal.concurrent.ExecutorPolicy$CatchAndRecordFailures.onExecute(ExecutorPolicy.java:63)
	at org.gradle.internal.concurrent.ManagedExecutorImpl$1.run(ManagedExecutorImpl.java:46)
	at java.util.concurrent.ThreadPoolExecutor.runWorker(ThreadPoolExecutor.java:1142)
	at java.util.concurrent.ThreadPoolExecutor$Worker.run(ThreadPoolExecutor.java:617)
	at org.gradle.internal.concurrent.ThreadFactoryImpl$ManagedThreadRunnable.run(ThreadFactoryImpl.java:55)
	at java.lang.Thread.run(Thread.java:748)
Caused by: org.openqa.selenium.NoSuchSessionException: Session ID is null. Using WebDriver after calling quit()?
Build info: version: '3.7.1', revision: '8a0099a', time: '2017-11-06T21:01:39.354Z'
System info: host: 'AT05ABMA01', ip: '10.28.108.200', os.name: 'Windows Server 2012 R2', os.arch: 'amd64', os.version: '6.3', java.version: '1.8.0_131'
Driver info: driver.version: RemoteWebDriver
	at org.openqa.selenium.remote.HttpCommandExecutor.execute(HttpCommandExecutor.java:131)
	at org.openqa.selenium.remote.service.DriverCommandExecutor.execute(DriverCommandExecutor.java:83)
	at org.openqa.selenium.remote.RemoteWebDriver.execute(RemoteWebDriver.java:600)
	at org.openqa.selenium.remote.RemoteWebDriver.get(RemoteWebDriver.java:324)
	at org.openqa.selenium.remote.RemoteWebDriver$RemoteNavigation.to(RemoteWebDriver.java:911)
	at at05outlook.sampleapp.ui.Transporter.goToURL(Transporter.java:43)
	at at05outlook.sampleapp.ui.Transporter.navigateToLoginPage(Transporter.java:29)
	at at05outlook.steps.LoginSteps.navigateToLoginPage(LoginSteps.java:28)
	at ✽.Given I navigate to Login page(features/SendMail.feature:4)
</failure>
  </testcase>
  <system-out><![CDATA[@Email
Feature: Email

  @LogOut
  Scenario Outline: The user must register with their credentials                     ?[90m# features/Login.feature:4?[0m
    ?[36mGiven ?[0m?[36mI navigate to Login page?[0m
    ?[36mWhen ?[0m?[36mI enter correct credentials, as user "<User Name>" and password "<Password>"?[0m
    ?[36mThen ?[0m?[36mThe inbox mail is open?[0m

    Examples: 
Initializing web driver
chrome
****************LogOut***********************
Quit driver

  @LogOut @Email
  Scenario Outline: The user must register with their credentials                                        ?[90m# features/Login.feature:11?[0m
    ?[32mGiven ?[0m?[32mI navigate to Login page?[0m                                                                       ?[90m# LoginSteps.navigateToLoginPage()?[0m
    ?[32mWhen ?[0m?[32mI enter correct credentials, as user "?[0m?[32m?[1mabner.mamani@fundacion-jala.org?[0m?[32m" and password "?[0m?[32m?[1mCream.com?[0m?[32m"?[0m ?[90m# LoginSteps.navigateToHomePage(String,String)?[0m
    ?[32mThen ?[0m?[32mThe inbox mail is open?[0m                                                                          ?[90m# LoginSteps.inboxMailIsOpen()?[0m
Feature: Test

  Scenario Outline: Test1                                                                  ?[90m# features/SendMail.feature:3?[0m
    ?[36mGiven ?[0m?[36mI navigate to Login page?[0m
    ?[36mWhen ?[0m?[36mI register whit my account?[0m
    ?[36mAnd ?[0m?[36mI go to send the new email?[0m
    ?[36mAnd ?[0m?[36mI send an email to "<User Name>" whit the subject of "<Subject>" and body "<Body>"?[0m
    ?[36mThen ?[0m?[36mverify that the mail has arrived?[0m

    Examples: 

  Scenario Outline: Test1                                                                                       ?[90m# features/SendMail.feature:12?[0m
    ?[31mGiven ?[0m?[31mI navigate to Login page?[0m                                                                              ?[90m# LoginSteps.navigateToLoginPage()?[0m
      ?[31morg.openqa.selenium.NoSuchSessionException: Session ID is null. Using WebDriver after calling quit()?
      Build info: version: '3.7.1', revision: '8a0099a', time: '2017-11-06T21:01:39.354Z'
      System info: host: 'AT05ABMA01', ip: '10.28.108.200', os.name: 'Windows Server 2012 R2', os.arch: 'amd64', os.version: '6.3', java.version: '1.8.0_131'
      Driver info: driver.version: RemoteWebDriver
      	at org.openqa.selenium.remote.HttpCommandExecutor.execute(HttpCommandExecutor.java:131)
      	at org.openqa.selenium.remote.service.DriverCommandExecutor.execute(DriverCommandExecutor.java:83)
      	at org.openqa.selenium.remote.RemoteWebDriver.execute(RemoteWebDriver.java:600)
      	at org.openqa.selenium.remote.RemoteWebDriver.get(RemoteWebDriver.java:324)
      	at org.openqa.selenium.remote.RemoteWebDriver$RemoteNavigation.to(RemoteWebDriver.java:911)
      	at at05outlook.sampleapp.ui.Transporter.goToURL(Transporter.java:43)
      	at at05outlook.sampleapp.ui.Transporter.navigateToLoginPage(Transporter.java:29)
      	at at05outlook.steps.LoginSteps.navigateToLoginPage(LoginSteps.java:28)
      	at ?.Given I navigate to Login page(features/SendMail.feature:4)
      ?[0m
    ?[36mWhen ?[0m?[36mI register whit my account?[0m                                                                             ?[90m# LoginSteps.registerWhitMyAccount()?[0m
    ?[36mAnd ?[0m?[36mI go to send the new email?[0m                                                                              ?[90m# LoginSteps.preparToSendEmail()?[0m
    ?[36mAnd ?[0m?[36mI send an email to "?[0m?[36m?[1mabner.mamani@fundacion-jala.org?[0m?[36m" whit the subject of "?[0m?[36m?[1mAutomation2?[0m?[36m" and body "?[0m?[36m?[1mHello?[0m?[36m"?[0m ?[90m# LoginSteps.sendTheEmailTo(String,String,String)?[0m
    ?[33mThen ?[0m?[33mverify that the mail has arrived?[0m
]]></system-out>
  <system-err><![CDATA[SLF4J: Failed to load class "org.slf4j.impl.StaticLoggerBinder".
SLF4J: Defaulting to no-operation (NOP) logger implementation
SLF4J: See http://www.slf4j.org/codes.html#StaticLoggerBinder for further details.
Starting ChromeDriver 2.33.506120 (e3e53437346286c0bc2d2dc9aa4915ba81d9023f) on port 47460
Only local connections are allowed.
Nov 20, 2017 8:53:52 PM org.openqa.selenium.remote.ProtocolHandshake createSession
INFO: Detected dialect: OSS
]]></system-err>
</testsuite>
